#
# A fatal error has been detected by the Java Runtime Environment:
#
#  EXCEPTION_ACCESS_VIOLATION (0xc0000005) at pc=0x000000006d46623d, pid=15140, tid=0x000000000000117c
#
# JRE version: Java(TM) SE Runtime Environment (8.0_281-b09) (build 1.8.0_281-b09)
# Java VM: Java HotSpot(TM) 64-Bit Server VM (25.281-b09 mixed mode windows-amd64 compressed oops)
# Problematic frame:
# V  [jvm.dll+0x40623d]
#
# Failed to write core dump. Minidumps are not enabled by default on client versions of Windows
#
# If you would like to submit a bug report, please visit:
#   http://bugreport.java.com/bugreport/crash.jsp
#

---------------  T H R E A D  ---------------

Current thread (0x00000239c3c14800):  JavaThread "C1 CompilerThread3" daemon [_thread_in_native, id=4476, stack(0x000000e37f400000,0x000000e37f500000)]

siginfo: ExceptionCode=0xc0000005, reading address 0x0000031d44939320

Registers:
RAX=0x0000000000000003, RBX=0x000000e37f4fdad0, RCX=0x000000e37f4fdad0, RDX=0x00000239c5435840
RSP=0x000000e37f4fda80, RBP=0x00000239c543b870, RSI=0x0000000000000028, RDI=0x0000000000000005
R8 =0x00000239c5435870, R9 =0x00000239c3c1f700, R10=0x0000000000000001, R11=0x000000e37f4fda70
R12=0x00000239c3c1f650, R13=0x00000239c3c1f690, R14=0x00000239c54357e0, R15=0x00000239c1762fd0
RIP=0x000000006d46623d, EFLAGS=0x0000000000010246

Top of Stack: (sp=0x000000e37f4fda80)
0x000000e37f4fda80:   000000e37f4fdad0 0000000000000020
0x000000e37f4fda90:   0000000000000005 00000239c54340e0
0x000000e37f4fdaa0:   0000000000000000 000000006d440311
0x000000e37f4fdab0:   000000e37f4fdd60 000000e37f4fdd60
0x000000e37f4fdac0:   000000e37f4fdd60 000000e37f4fde28
0x000000e37f4fdad0:   00000239c543b850 00000239c543b870
0x000000e37f4fdae0:   00000239a6984930 000000e37f4fdd60
0x000000e37f4fdaf0:   00000239c5433ed0 0000000000000000
0x000000e37f4fdb00:   0000000000000000 0000000000000000
0x000000e37f4fdb10:   00000000ffffffff 000000006d060000
0x000000e37f4fdb20:   0000000000000000 0000000000000000
0x000000e37f4fdb30:   0000ce0a15416e5a 0000023900000000
0x000000e37f4fdb40:   00000239c5433ed0 000000006d43fe88
0x000000e37f4fdb50:   000000e37f4fdd60 000000e37f4fdd60
0x000000e37f4fdb60:   0000000000000000 000000006d7f2350
0x000000e37f4fdb70:   00000239c3c10000 0000000000000000 

Instructions: (pc=0x000000006d46623d)
0x000000006d46621d:   8b 43 18 48 83 78 60 00 75 16 49 8b 06 48 8b d3
0x000000006d46622d:   49 8b ce ff 10 ff c7 48 83 c6 08 3b 7d 00 7c b3
0x000000006d46623d:   48 8b 74 24 30 4c 8b 74 24 38 48 8b 5c 24 40 48
0x000000006d46624d:   8b 6c 24 48 48 83 c4 20 5f c3 cc cc cc cc cc cc 


Register to memory mapping:

RAX=0x0000000000000003 is an unknown value
RBX=0x000000e37f4fdad0 is pointing into the stack for thread: 0x00000239c3c14800
RCX=0x000000e37f4fdad0 is pointing into the stack for thread: 0x00000239c3c14800
RDX=0x00000239c5435840 is an unknown value
RSP=0x000000e37f4fda80 is pointing into the stack for thread: 0x00000239c3c14800
RBP=0x00000239c543b870 is an unknown value
RSI=0x0000000000000028 is an unknown value
RDI=0x0000000000000005 is an unknown value
R8 =0x00000239c5435870 is an unknown value
R9 =0x00000239c3c1f700 is an unknown value
R10=0x0000000000000001 is an unknown value
R11=0x000000e37f4fda70 is pointing into the stack for thread: 0x00000239c3c14800
R12=0x00000239c3c1f650 is an unknown value
R13=0x00000239c3c1f690 is an unknown value
R14=0x00000239c54357e0 is an unknown value
R15=0x00000239c1762fd0 is an unknown value


Stack: [0x000000e37f400000,0x000000e37f500000],  sp=0x000000e37f4fda80,  free space=1014k
Native frames: (J=compiled Java code, j=interpreted, Vv=VM code, C=native code)
V  [jvm.dll+0x40623d]
V  [jvm.dll+0x3e0311]
V  [jvm.dll+0x3dfe88]
V  [jvm.dll+0x3e001e]
V  [jvm.dll+0x3df771]
V  [jvm.dll+0x3e11af]
V  [jvm.dll+0xabe9b]
V  [jvm.dll+0xaa4fb]
V  [jvm.dll+0x23d6b2]
V  [jvm.dll+0x291cbc]
C  [ucrtbase.dll+0x21bb2]
C  [KERNEL32.DLL+0x17034]
C  [ntdll.dll+0x52651]


Current CompileTask:
C1:   1916 2038       3       java.lang.CharacterDataLatin1::isJavaIdentifierStart (23 bytes)


---------------  P R O C E S S  ---------------

Java Threads: ( => current thread )
  0x00000239c3cc2800 JavaThread "Service Thread" daemon [_thread_blocked, id=14816, stack(0x000000e37f500000,0x000000e37f600000)]
=>0x00000239c3c14800 JavaThread "C1 CompilerThread3" daemon [_thread_in_native, id=4476, stack(0x000000e37f400000,0x000000e37f500000)]
  0x00000239c178c800 JavaThread "C2 CompilerThread2" daemon [_thread_in_native, id=10372, stack(0x000000e37f300000,0x000000e37f400000)]
  0x00000239c1787800 JavaThread "C2 CompilerThread1" daemon [_thread_in_native, id=5732, stack(0x000000e37f200000,0x000000e37f300000)]
  0x00000239c1787000 JavaThread "C2 CompilerThread0" daemon [_thread_in_native, id=3820, stack(0x000000e37f100000,0x000000e37f200000)]
  0x00000239c1785800 JavaThread "Monitor Ctrl-Break" daemon [_thread_in_native, id=19292, stack(0x000000e37f000000,0x000000e37f100000)]
  0x00000239c1752800 JavaThread "Attach Listener" daemon [_thread_blocked, id=10796, stack(0x000000e37ef00000,0x000000e37f000000)]
  0x00000239c1751800 JavaThread "Signal Dispatcher" daemon [_thread_blocked, id=18576, stack(0x000000e37ee00000,0x000000e37ef00000)]
  0x00000239c172e000 JavaThread "Finalizer" daemon [_thread_blocked, id=11736, stack(0x000000e37ed00000,0x000000e37ee00000)]
  0x00000239c1727000 JavaThread "Reference Handler" daemon [_thread_blocked, id=16532, stack(0x000000e37ec00000,0x000000e37ed00000)]
  0x00000239a6976000 JavaThread "main" [_thread_in_Java, id=16740, stack(0x000000e37e000000,0x000000e37e100000)]

Other Threads:
  0x00000239c16ff800 VMThread [stack: 0x000000e37eb00000,0x000000e37ec00000] [id=3476]
  0x00000239c3cdb000 WatcherThread [stack: 0x000000e37f600000,0x000000e37f700000] [id=8376]

VM state:not at safepoint (normal execution)

VM Mutex/Monitor currently owned by a thread: None

heap address: 0x00000006c0c00000, size: 4084 MB, Compressed Oops mode: Zero based, Oop shift amount: 3
Narrow klass base: 0x0000000000000000, Narrow klass shift: 3
Compressed class space size: 1073741824 Address: 0x00000007c0000000

Heap:
 PSYoungGen      total 76288K, used 60374K [0x000000076af00000, 0x0000000770400000, 0x00000007c0000000)
  eden space 65536K, 78% used [0x000000076af00000,0x000000076e17cd28,0x000000076ef00000)
  from space 10752K, 80% used [0x000000076ef00000,0x000000076f778e00,0x000000076f980000)
  to   space 10752K, 0% used [0x000000076f980000,0x000000076f980000,0x0000000770400000)
 ParOldGen       total 175104K, used 16K [0x00000006c0c00000, 0x00000006cb700000, 0x000000076af00000)
  object space 175104K, 0% used [0x00000006c0c00000,0x00000006c0c04000,0x00000006cb700000)
 Metaspace       used 15724K, capacity 15970K, committed 16128K, reserved 1062912K
  class space    used 1895K, capacity 1978K, committed 2048K, reserved 1048576K

Card table byte_map: [0x00000239b7740000,0x00000239b7f40000] byte_map_base: 0x00000239b413a000

Marking Bits: (ParMarkBitMap*) 0x000000006d846ff0
 Begin Bits: [0x00000239b84a0000, 0x00000239bc470000)
 End Bits:   [0x00000239bc470000, 0x00000239c0440000)

Polling page: 0x00000239a8350000

CodeCache: size=245760Kb used=7264Kb max_used=7277Kb free=238495Kb
 bounds [0x00000239a8380000, 0x00000239a8ab0000, 0x00000239b7380000]
 total_blobs=2412 nmethods=2042 adapters=283
 compilation: enabled

Compilation events (10 events):
Event: 1.884 Thread 0x00000239c3c14800 2034       3       org.codehaus.plexus.interpolation.reflection.ReflectionValueExtractor$Tokenizer::skipChar (37 bytes)
Event: 1.884 Thread 0x00000239c3c14800 nmethod 2034 0x00000239a8a96810 code [0x00000239a8a969a0, 0x00000239a8a96e70]
Event: 1.884 Thread 0x00000239c3c14800 2035   !   3       org.codehaus.plexus.interpolation.reflection.ReflectionValueExtractor::getPropertyValue (114 bytes)
Event: 1.884 Thread 0x00000239c3c14800 nmethod 2035 0x00000239a8a97050 code [0x00000239a8a972e0, 0x00000239a8a98370]
Event: 1.884 Thread 0x00000239c3c14800 2036       3       org.apache.maven.model.PluginContainer::getPlugins (23 bytes)
Event: 1.885 Thread 0x00000239c3c14800 nmethod 2036 0x00000239a8a98b50 code [0x00000239a8a98cc0, 0x00000239a8a99078]
Event: 1.886 Thread 0x00000239c1787800 nmethod 2032% 0x00000239a8a9c110 code [0x00000239a8a9c260, 0x00000239a8a9c548]
Event: 1.890 Thread 0x00000239c1787000 2037       4       java.io.BufferedInputStream::getBufIfOpen (21 bytes)
Event: 1.890 Thread 0x00000239c1787000 nmethod 2037 0x00000239a8a06410 code [0x00000239a8a06540, 0x00000239a8a065b8]
Event: 1.890 Thread 0x00000239c3c14800 2038       3       java.lang.CharacterDataLatin1::isJavaIdentifierStart (23 bytes)

GC Heap History (2 events):
Event: 1.129 GC heap before
{Heap before GC invocations=1 (full 0):
 PSYoungGen      total 76288K, used 65536K [0x000000076af00000, 0x0000000770400000, 0x00000007c0000000)
  eden space 65536K, 100% used [0x000000076af00000,0x000000076ef00000,0x000000076ef00000)
  from space 10752K, 0% used [0x000000076f980000,0x000000076f980000,0x0000000770400000)
  to   space 10752K, 0% used [0x000000076ef00000,0x000000076ef00000,0x000000076f980000)
 ParOldGen       total 175104K, used 0K [0x00000006c0c00000, 0x00000006cb700000, 0x000000076af00000)
  object space 175104K, 0% used [0x00000006c0c00000,0x00000006c0c00000,0x00000006cb700000)
 Metaspace       used 11037K, capacity 11206K, committed 11520K, reserved 1058816K
  class space    used 1335K, capacity 1410K, committed 1536K, reserved 1048576K
Event: 1.134 GC heap after
Heap after GC invocations=1 (full 0):
 PSYoungGen      total 76288K, used 8675K [0x000000076af00000, 0x0000000770400000, 0x00000007c0000000)
  eden space 65536K, 0% used [0x000000076af00000,0x000000076af00000,0x000000076ef00000)
  from space 10752K, 80% used [0x000000076ef00000,0x000000076f778e00,0x000000076f980000)
  to   space 10752K, 0% used [0x000000076f980000,0x000000076f980000,0x0000000770400000)
 ParOldGen       total 175104K, used 16K [0x00000006c0c00000, 0x00000006cb700000, 0x000000076af00000)
  object space 175104K, 0% used [0x00000006c0c00000,0x00000006c0c04000,0x00000006cb700000)
 Metaspace       used 11037K, capacity 11206K, committed 11520K, reserved 1058816K
  class space    used 1335K, capacity 1410K, committed 1536K, reserved 1048576K
}

Deoptimization events (10 events):
Event: 1.702 Thread 0x00000239a6976000 Uncommon trap: reason=null_check action=make_not_entrant pc=0x00000239a89b730c method=org.apache.maven.model.io.xpp3.MavenXpp3ReaderEx.checkFieldWithDuplicate(Lorg/codehaus/plexus/util/xml/pull/XmlPullParser;Ljava/lang/String;Ljava/lang/String;Ljava/util/
Event: 1.703 Thread 0x00000239a6976000 Uncommon trap: reason=unstable_if action=reinterpret pc=0x00000239a899a9b4 method=java.lang.String.trim()Ljava/lang/String; @ 63
Event: 1.723 Thread 0x00000239a6976000 Uncommon trap: reason=class_check action=maybe_recompile pc=0x00000239a890f3e4 method=java.util.regex.Pattern$7.isSatisfiedBy(I)Z @ 16
Event: 1.723 Thread 0x00000239a6976000 Uncommon trap: reason=class_check action=maybe_recompile pc=0x00000239a890f3e4 method=java.util.regex.Pattern$7.isSatisfiedBy(I)Z @ 16
Event: 1.723 Thread 0x00000239a6976000 Uncommon trap: reason=class_check action=maybe_recompile pc=0x00000239a890f3e4 method=java.util.regex.Pattern$7.isSatisfiedBy(I)Z @ 16
Event: 1.723 Thread 0x00000239a6976000 Uncommon trap: reason=class_check action=maybe_recompile pc=0x00000239a890f3e4 method=java.util.regex.Pattern$7.isSatisfiedBy(I)Z @ 16
Event: 1.725 Thread 0x00000239a6976000 Uncommon trap: reason=unstable_if action=reinterpret pc=0x00000239a86f2dec method=java.lang.String.regionMatches(ZILjava/lang/String;II)Z @ 25
Event: 1.744 Thread 0x00000239a6976000 Uncommon trap: reason=unstable_if action=reinterpret pc=0x00000239a89d7b2c method=org.codehaus.plexus.util.xml.pull.MXParser.nextImpl()I @ 879
Event: 1.851 Thread 0x00000239a6976000 Uncommon trap: reason=unstable_if action=reinterpret pc=0x00000239a8a108b4 method=org.codehaus.plexus.util.xml.pull.MXParser.nextImpl()I @ 972
Event: 1.864 Thread 0x00000239a6976000 Uncommon trap: reason=unstable_if action=reinterpret pc=0x00000239a8661b7c method=sun.nio.cs.UTF_8$Decoder.decode([BII[C)I @ 30

Classes redefined (0 events):
No events

Internal exceptions (10 events):
Event: 0.872 Thread 0x00000239a6976000 Exception <a 'java/lang/ArrayIndexOutOfBoundsException'> (0x000000076d47b548) thrown at [C:\jenkins\workspace\8-2-build-windows-amd64-cygwin\jdk8u281\880\hotspot\src\share\vm\runtime\sharedRuntime.cpp, line 609]
Event: 0.872 Thread 0x00000239a6976000 Exception <a 'java/lang/ArrayIndexOutOfBoundsException'> (0x000000076d47fea8) thrown at [C:\jenkins\workspace\8-2-build-windows-amd64-cygwin\jdk8u281\880\hotspot\src\share\vm\runtime\sharedRuntime.cpp, line 609]
Event: 0.919 Thread 0x00000239a6976000 Exception <a 'java/lang/ArrayIndexOutOfBoundsException': 66> (0x000000076d7f3bb8) thrown at [C:\jenkins\workspace\8-2-build-windows-amd64-cygwin\jdk8u281\880\hotspot\src\share\vm\interpreter\interpreterRuntime.cpp, line 371]
Event: 1.414 Thread 0x00000239a6976000 Exception <a 'java/lang/NoClassDefFoundError': com/google/inject/servlet/ServletModuleTargetVisitor> (0x000000076c6a9340) thrown at [C:\jenkins\workspace\8-2-build-windows-amd64-cygwin\jdk8u281\880\hotspot\src\share\vm\classfile\systemDictionary.cpp, line
Event: 1.414 Thread 0x00000239a6976000 Exception <a 'java/lang/NoClassDefFoundError'> (0x000000076c6a9340) thrown at [C:\jenkins\workspace\8-2-build-windows-amd64-cygwin\jdk8u281\880\hotspot\src\share\vm\prims\jvm.cpp, line 1516]
Event: 1.414 Thread 0x00000239a6976000 Exception <a 'java/lang/NoClassDefFoundError': javax/annotation/Priority> (0x000000076c6ae160) thrown at [C:\jenkins\workspace\8-2-build-windows-amd64-cygwin\jdk8u281\880\hotspot\src\share\vm\classfile\systemDictionary.cpp, line 201]
Event: 1.478 Thread 0x00000239a6976000 Implicit null exception at 0x00000239a8549f18 to 0x00000239a854a109
Event: 1.568 Thread 0x00000239a6976000 Implicit null exception at 0x00000239a858bc96 to 0x00000239a858c021
Event: 1.568 Thread 0x00000239a6976000 Implicit null exception at 0x00000239a8559114 to 0x00000239a85594c5
Event: 1.702 Thread 0x00000239a6976000 Implicit null exception at 0x00000239a89b6039 to 0x00000239a89b7301

Events (10 events):
Event: 1.851 Thread 0x00000239a6976000 Uncommon trap: trap_request=0xffffff65 fr.pc=0x00000239a8a108b4
Event: 1.851 Thread 0x00000239a6976000 DEOPT PACKING pc=0x00000239a8a108b4 sp=0x000000e37e0fd980
Event: 1.851 Thread 0x00000239a6976000 DEOPT UNPACKING pc=0x00000239a83c5843 sp=0x000000e37e0fd8e8 mode 2
Event: 1.864 Thread 0x00000239a6976000 Uncommon trap: trap_request=0xffffff65 fr.pc=0x00000239a8661b7c
Event: 1.864 Thread 0x00000239a6976000 DEOPT PACKING pc=0x00000239a8661b7c sp=0x000000e37e0fd640
Event: 1.864 Thread 0x00000239a6976000 DEOPT UNPACKING pc=0x00000239a83c5843 sp=0x000000e37e0fd598 mode 2
Event: 1.877 Thread 0x00000239a6976000 DEOPT PACKING pc=0x00000239a8a7ff8a sp=0x000000e37e0fd490
Event: 1.877 Thread 0x00000239a6976000 DEOPT UNPACKING pc=0x00000239a83c7498 sp=0x000000e37e0fd310 mode 0
Event: 1.890 Thread 0x00000239a6976000 DEOPT PACKING pc=0x00000239a8a7ff8a sp=0x000000e37e0fd490
Event: 1.890 Thread 0x00000239a6976000 DEOPT UNPACKING pc=0x00000239a83c7498 sp=0x000000e37e0fd310 mode 0


Dynamic libraries:
0x00007ff7f54a0000 - 0x00007ff7f54e7000 	C:\Program Files\Java\jdk1.8.0_281\bin\java.exe
0x00007ffc52450000 - 0x00007ffc52645000 	C:\WINDOWS\SYSTEM32\ntdll.dll
0x00007ffc50510000 - 0x00007ffc505cd000 	C:\WINDOWS\System32\KERNEL32.DLL
0x00007ffc501e0000 - 0x00007ffc504a8000 	C:\WINDOWS\System32\KERNELBASE.dll
0x00007ffc51a20000 - 0x00007ffc51acc000 	C:\WINDOWS\System32\ADVAPI32.dll
0x00007ffc513f0000 - 0x00007ffc5148e000 	C:\WINDOWS\System32\msvcrt.dll
0x00007ffc51350000 - 0x00007ffc513eb000 	C:\WINDOWS\System32\sechost.dll
0x00007ffc51b90000 - 0x00007ffc51cbb000 	C:\WINDOWS\System32\RPCRT4.dll
0x00007ffc51180000 - 0x00007ffc51320000 	C:\WINDOWS\System32\USER32.dll
0x00007ffc4ff80000 - 0x00007ffc4ffa2000 	C:\WINDOWS\System32\win32u.dll
0x00007ffc51320000 - 0x00007ffc5134a000 	C:\WINDOWS\System32\GDI32.dll
0x00007ffc4fc30000 - 0x00007ffc4fd3b000 	C:\WINDOWS\System32\gdi32full.dll
0x00007ffc4fb90000 - 0x00007ffc4fc2d000 	C:\WINDOWS\System32\msvcp_win.dll
0x00007ffc500b0000 - 0x00007ffc501b0000 	C:\WINDOWS\System32\ucrtbase.dll
0x00007ffc4efb0000 - 0x00007ffc4f24a000 	C:\WINDOWS\WinSxS\amd64_microsoft.windows.common-controls_6595b64144ccf1df_6.0.19041.844_none_ca00b6081b84eb1d\COMCTL32.dll
0x00007ffc51490000 - 0x00007ffc514c0000 	C:\WINDOWS\System32\IMM32.DLL
0x00007ffc4d010000 - 0x00007ffc4d025000 	C:\Program Files\Java\jdk1.8.0_281\jre\bin\vcruntime140.dll
0x00007ffc25b60000 - 0x00007ffc25bfb000 	C:\Program Files\Java\jdk1.8.0_281\jre\bin\msvcp140.dll
0x000000006d060000 - 0x000000006d8bf000 	C:\Program Files\Java\jdk1.8.0_281\jre\bin\server\jvm.dll
0x00007ffc517a0000 - 0x00007ffc517a8000 	C:\WINDOWS\System32\PSAPI.DLL
0x00007ffc395a0000 - 0x00007ffc395a9000 	C:\WINDOWS\SYSTEM32\WSOCK32.dll
0x00007ffc3d230000 - 0x00007ffc3d257000 	C:\WINDOWS\SYSTEM32\WINMM.dll
0x00007ffc4e380000 - 0x00007ffc4e38a000 	C:\WINDOWS\SYSTEM32\VERSION.dll
0x00007ffc51730000 - 0x00007ffc5179b000 	C:\WINDOWS\System32\WS2_32.dll
0x00007ffc4e340000 - 0x00007ffc4e352000 	C:\WINDOWS\SYSTEM32\kernel.appcore.dll
0x00007ffc4d000000 - 0x00007ffc4d010000 	C:\Program Files\Java\jdk1.8.0_281\jre\bin\verify.dll
0x00007ffc4cfd0000 - 0x00007ffc4cffb000 	C:\Program Files\Java\jdk1.8.0_281\jre\bin\java.dll
0x00007ffc2c510000 - 0x00007ffc2c540000 	C:\Program Files\Java\jdk1.8.0_281\jre\bin\instrument.dll
0x00007ffc4cfb0000 - 0x00007ffc4cfc8000 	C:\Program Files\Java\jdk1.8.0_281\jre\bin\zip.dll
0x00007ffc51cc0000 - 0x00007ffc52402000 	C:\WINDOWS\System32\SHELL32.dll
0x00007ffc4dbb0000 - 0x00007ffc4e340000 	C:\WINDOWS\SYSTEM32\windows.storage.dll
0x00007ffc509a0000 - 0x00007ffc50cf5000 	C:\WINDOWS\System32\combase.dll
0x00007ffc4eeb0000 - 0x00007ffc4eedc000 	C:\WINDOWS\SYSTEM32\Wldp.dll
0x00007ffc505d0000 - 0x00007ffc5067e000 	C:\WINDOWS\System32\SHCORE.dll
0x00007ffc504b0000 - 0x00007ffc50505000 	C:\WINDOWS\System32\shlwapi.dll
0x00007ffc4fad0000 - 0x00007ffc4faef000 	C:\WINDOWS\SYSTEM32\profapi.dll
0x00007ffc357b0000 - 0x00007ffc357ca000 	C:\Program Files\JetBrains\IntelliJ IDEA 2020.3.2\bin\breakgen64.dll
0x00007ffc35550000 - 0x00007ffc3556c000 	C:\Program Files\Java\jdk1.8.0_281\jre\bin\net.dll
0x00007ffc4ec10000 - 0x00007ffc4ec7a000 	C:\WINDOWS\system32\mswsock.dll
0x00007ffc4f920000 - 0x00007ffc4f938000 	C:\WINDOWS\SYSTEM32\CRYPTSP.dll
0x00007ffc4e600000 - 0x00007ffc4e634000 	C:\WINDOWS\system32\rsaenh.dll
0x00007ffc501b0000 - 0x00007ffc501d7000 	C:\WINDOWS\System32\bcrypt.dll
0x00007ffc4fa90000 - 0x00007ffc4fabe000 	C:\WINDOWS\SYSTEM32\USERENV.dll
0x00007ffc4ff00000 - 0x00007ffc4ff80000 	C:\WINDOWS\System32\bcryptprimitives.dll
0x00007ffc4eea0000 - 0x00007ffc4eeac000 	C:\WINDOWS\SYSTEM32\CRYPTBASE.dll
0x00007ffc4e930000 - 0x00007ffc4e96b000 	C:\WINDOWS\SYSTEM32\IPHLPAPI.DLL
0x00007ffc51170000 - 0x00007ffc51178000 	C:\WINDOWS\System32\NSI.dll
0x00007ffc48570000 - 0x00007ffc48587000 	C:\WINDOWS\SYSTEM32\dhcpcsvc6.DLL
0x00007ffc484c0000 - 0x00007ffc484dd000 	C:\WINDOWS\SYSTEM32\dhcpcsvc.DLL
0x00007ffc4e970000 - 0x00007ffc4ea3c000 	C:\WINDOWS\SYSTEM32\DNSAPI.dll
0x00007ffc325e0000 - 0x00007ffc325f3000 	C:\Program Files\Java\jdk1.8.0_281\jre\bin\nio.dll
0x00007ffc3b670000 - 0x00007ffc3b67a000 	C:\Users\Dawid\AppData\Local\Temp\jansi-1.17.1-5133967141223031620.dll
0x00007ffc36410000 - 0x00007ffc3641a000 	C:\Users\Dawid\AppData\Local\Temp\jansi-1.17.1-5791453627755934529.dll
0x00007ffc4f5c0000 - 0x00007ffc4f7a4000 	C:\WINDOWS\SYSTEM32\dbghelp.dll

VM Arguments:
jvm_args: -Dmaven.multiModuleProjectDirectory=C:\Users\Dawid\Desktop\pbl-server-app-01 -Dmaven.home=C:\Program Files\JetBrains\IntelliJ IDEA 2020.3.2\plugins\maven\lib\maven3 -Dclassworlds.conf=C:\Program Files\JetBrains\IntelliJ IDEA 2020.3.2\plugins\maven\lib\maven3\bin\m2.conf -Dmaven.ext.class.path=C:\Program Files\JetBrains\IntelliJ IDEA 2020.3.2\plugins\maven\lib\maven-event-listener.jar -javaagent:C:\Program Files\JetBrains\IntelliJ IDEA 2020.3.2\lib\idea_rt.jar=51990:C:\Program Files\JetBrains\IntelliJ IDEA 2020.3.2\bin -Dfile.encoding=UTF-8 
java_command: org.codehaus.classworlds.Launcher -Didea.version=2021.1.1 clean
java_class_path (initial): C:\Program Files\JetBrains\IntelliJ IDEA 2020.3.2\plugins\maven\lib\maven3\boot\plexus-classworlds-2.6.0.jar;C:\Program Files\JetBrains\IntelliJ IDEA 2020.3.2\plugins\maven\lib\maven3\boot\plexus-classworlds.license;C:\Program Files\JetBrains\IntelliJ IDEA 2020.3.2\lib\idea_rt.jar
Launcher Type: SUN_STANDARD

Environment Variables:
PATH=C:\Program Files (x86)\Common Files\Oracle\Java\javapath;%AppData%\npm;D:\Program Files (x86)\VMware\VMware Player\bin\;C:\WINDOWS\system32;C:\WINDOWS;C:\WINDOWS\System32\Wbem;C:\WINDOWS\System32\WindowsPowerShell\v1.0\;C:\Program Files (x86)\NVIDIA Corporation\PhysX\Common;C:\Program Files\NVIDIA Corporation\NVIDIA NvDLISR;C:\Program Files\Microsoft SQL Server\130\Tools\Binn\;C:\WINDOWS\system32;C:\WINDOWS;C:\WINDOWS\System32\Wbem;C:\WINDOWS\System32\WindowsPowerShell\v1.0\;C:\WINDOWS\System32\OpenSSH\;C:\Program Files\Java\jdk-11.0.1\bin;D:\Program Files\Git\cmd;C:\Program Files\nodejs\;C:\Program Files\dotnet\;C:\Program Files\Docker\Docker\resources\bin;C:\ProgramData\DockerDesktop\version-bin;C:\Users\Dawid\AppData\Local\Microsoft\WindowsApps;;C:\Users\Dawid\AppData\Local\Programs\Microsoft VS Code\bin;C:\Users\Dawid\AppData\Roaming\npm;C:\Users\Dawid\.dotnet\tools;D:\Program Files\heroku\bin
USERNAME=Dawid
OS=Windows_NT
PROCESSOR_IDENTIFIER=AMD64 Family 23 Model 8 Stepping 2, AuthenticAMD



---------------  S Y S T E M  ---------------

OS: Windows 10.0 , 64 bit Build 19041 (10.0.19041.928)

CPU:total 12 (initial active 12) (12 cores per cpu, 1 threads per core) family 23 model 8 stepping 2, cmov, cx8, fxsr, mmx, sse, sse2, sse3, ssse3, sse4.1, sse4.2, popcnt, avx, avx2, aes, clmul, mmxext, 3dnowpref, lzcnt, sse4a, tsc, tscinvbit, tscinv, bmi1

Memory: 4k page, physical 16724564k(6704060k free), swap 23540308k(7147796k free)

vm_info: Java HotSpot(TM) 64-Bit Server VM (25.281-b09) for windows-amd64 JRE (1.8.0_281-b09), built on Dec  9 2020 13:54:07 by "" with MS VC++ 15.9 (VS2017)

time: Wed May 19 12:20:08 2021
timezone: Œrodkowoeuropejski czas letni
elapsed time: 1.921156 seconds (0d 0h 0m 1s)

